<?xml version="1.0" encoding="UTF-8"?>
<!-- Generated by org.testng.reporters.JUnitReportReporter -->
<testsuite hostname="Panther-truyend" failures="0" tests="1" name="tests.CreateEmployeeFail" time="50.149" errors="0" timestamp="2023-06-23T09:50:56 ICT" skipped="0">
  <testcase classname="tests.CreateEmployeeFail" name="createEmployeeFail" time="50.149"/>
  <system-out/>
</testsuite> <!-- tests.CreateEmployeeFail -->
