<?xml version="1.0" encoding="UTF-8"?>
<!-- Generated by org.testng.reporters.JUnitReportReporter -->
<testsuite hostname="Panther-truyend" failures="0" tests="1" name="tests.UpdateInformationEmployeeSuccessfully" time="14.530" errors="0" timestamp="2023-06-23T17:51:16 ICT" skipped="0">
  <testcase classname="tests.UpdateInformationEmployeeSuccessfully" name="UpdateInformationEmployeeSuccessfully" time="14.530"/>
  <system-out/>
</testsuite> <!-- tests.UpdateInformationEmployeeSuccessfully -->
